<?xml version="1.0" encoding="UTF-8"?>
<testng-results skipped="0" failed="0" ignored="0" total="1" passed="1">
  <reporter-output>
  </reporter-output>
  <suite name="Default suite" duration-ms="39368" started-at="2020-11-19T12:29:52 IST" finished-at="2020-11-19T12:30:32 IST">
    <groups>
    </groups>
    <test name="Default test" duration-ms="39368" started-at="2020-11-19T12:29:52 IST" finished-at="2020-11-19T12:30:32 IST">
      <class name="com.Package.HomePage">
        <test-method status="PASS" signature="basepagenavigation()[pri:0, instance:com.Package.HomePage@1a8a8f7c]" name="basepagenavigation" duration-ms="39250" started-at="2020-11-19T12:29:52 IST" finished-at="2020-11-19T12:30:32 IST">
          <reporter-output>
          </reporter-output>
        </test-method> <!-- basepagenavigation -->
      </class> <!-- com.Package.HomePage -->
    </test> <!-- Default test -->
  </suite> <!-- Default suite -->
</testng-results>
